# JRE version: OpenJDK Runtime Environment (17.0.9) (build 17.0.9+0--11185874)
# Java VM: OpenJDK 64-Bit Server VM (17.0.9+0--11185874, mixed mode, tiered, compressed oops, compressed class ptrs, g1 gc, windows-amd64)
GC Precious Log:
 CPUs: 16 total, 16 available
 Memory: 15791M
 Large Page Support: Disabled
 NUMA Support: Disabled
 Compressed Oops: Enabled (32-bit)
 Heap Region Size: 1M
 Heap Min Capacity: 8M
 Heap Initial Capacity: 248M
 Heap Max Capacity: 2G
 Pre-touch: Disabled
 Parallel Workers: 13
 Concurrent Workers: 3
 Concurrent Refinement Workers: 13
 Periodic GC: Disabled
Heap:
 garbage-first heap   total 103424K, used 64513K [0x0000000080000000, 0x0000000100000000)
  region size 1024K, 3 young (3072K), 1 survivors (1024K)
 Metaspace       used 64781K, committed 65280K, reserved 1114112K
  class space    used 8749K, committed 9024K, reserved 1048576K
GC Heap History (20 events):
Event: 4.617 GC heap before
{Heap before GC invocations=12 (full 0):
 garbage-first heap   total 86016K, used 66559K [0x0000000080000000, 0x0000000100000000)
  region size 1024K, 38 young (38912K), 4 survivors (4096K)
 Metaspace       used 50414K, committed 50816K, reserved 1114112K
  class space    used 6812K, committed 7040K, reserved 1048576K
}
Event: 4.619 GC heap after
{Heap after GC invocations=13 (full 0):
 garbage-first heap   total 86016K, used 33381K [0x0000000080000000, 0x0000000100000000)
  region size 1024K, 4 young (4096K), 4 survivors (4096K)
 Metaspace       used 50414K, committed 50816K, reserved 1114112K
  class space    used 6812K, committed 7040K, reserved 1048576K
}
Event: 5.062 GC heap before
{Heap before GC invocations=13 (full 0):
 garbage-first heap   total 86016K, used 67173K [0x0000000080000000, 0x0000000100000000)
  region size 1024K, 37 young (37888K), 4 survivors (4096K)
 Metaspace       used 54457K, committed 55040K, reserved 1114112K
  class space    used 7461K, committed 7744K, reserved 1048576K
}
Event: 5.064 GC heap after
{Heap after GC invocations=14 (full 0):
 garbage-first heap   total 86016K, used 35351K [0x0000000080000000, 0x0000000100000000)
  region size 1024K, 4 young (4096K), 4 survivors (4096K)
 Metaspace       used 54457K, committed 55040K, reserved 1114112K
  class space    used 7461K, committed 7744K, reserved 1048576K
}
Event: 5.581 GC heap before
{Heap before GC invocations=14 (full 0):
 garbage-first heap   total 86016K, used 61975K [0x0000000080000000, 0x0000000100000000)
  region size 1024K, 31 young (31744K), 4 survivors (4096K)
 Metaspace       used 59691K, committed 60160K, reserved 1114112K
  class space    used 8123K, committed 8384K, reserved 1048576K
}
Event: 5.585 GC heap after
{Heap after GC invocations=15 (full 0):
 garbage-first heap   total 86016K, used 38026K [0x0000000080000000, 0x0000000100000000)
  region size 1024K, 5 young (5120K), 5 survivors (5120K)
 Metaspace       used 59691K, committed 60160K, reserved 1114112K
  class space    used 8123K, committed 8384K, reserved 1048576K
}
Event: 11.150 GC heap before
{Heap before GC invocations=16 (full 0):
 garbage-first heap   total 86016K, used 67722K [0x0000000080000000, 0x0000000100000000)
  region size 1024K, 35 young (35840K), 5 survivors (5120K)
 Metaspace       used 63037K, committed 63552K, reserved 1114112K
  class space    used 8519K, committed 8768K, reserved 1048576K
}
Event: 11.155 GC heap after
{Heap after GC invocations=17 (full 0):
 garbage-first heap   total 86016K, used 42653K [0x0000000080000000, 0x0000000100000000)
  region size 1024K, 5 young (5120K), 5 survivors (5120K)
 Metaspace       used 63037K, committed 63552K, reserved 1114112K
  class space    used 8519K, committed 8768K, reserved 1048576K
}
Event: 11.241 GC heap before
{Heap before GC invocations=18 (full 0):
 garbage-first heap   total 86016K, used 50845K [0x0000000080000000, 0x0000000100000000)
  region size 1024K, 15 young (15360K), 5 survivors (5120K)
 Metaspace       used 63379K, committed 63936K, reserved 1114112K
  class space    used 8555K, committed 8832K, reserved 1048576K
}
Event: 11.243 GC heap after
{Heap after GC invocations=19 (full 0):
 garbage-first heap   total 86016K, used 43433K [0x0000000080000000, 0x0000000100000000)
  region size 1024K, 1 young (1024K), 1 survivors (1024K)
 Metaspace       used 63379K, committed 63936K, reserved 1114112K
  class space    used 8555K, committed 8832K, reserved 1048576K
}
Event: 11.277 GC heap before
{Heap before GC invocations=20 (full 0):
 garbage-first heap   total 86016K, used 46505K [0x0000000080000000, 0x0000000100000000)
  region size 1024K, 3 young (3072K), 1 survivors (1024K)
 Metaspace       used 63386K, committed 63936K, reserved 1114112K
  class space    used 8556K, committed 8832K, reserved 1048576K
}
Event: 11.279 GC heap after
{Heap after GC invocations=21 (full 0):
 garbage-first heap   total 86016K, used 46322K [0x0000000080000000, 0x0000000100000000)
  region size 1024K, 2 young (2048K), 2 survivors (2048K)
 Metaspace       used 63386K, committed 63936K, reserved 1114112K
  class space    used 8556K, committed 8832K, reserved 1048576K
}
Event: 11.302 GC heap before
{Heap before GC invocations=22 (full 0):
 garbage-first heap   total 86016K, used 47346K [0x0000000080000000, 0x0000000100000000)
  region size 1024K, 4 young (4096K), 2 survivors (2048K)
 Metaspace       used 63386K, committed 63936K, reserved 1114112K
  class space    used 8556K, committed 8832K, reserved 1048576K
}
Event: 11.304 GC heap after
{Heap after GC invocations=23 (full 0):
 garbage-first heap   total 103424K, used 48192K [0x0000000080000000, 0x0000000100000000)
  region size 1024K, 1 young (1024K), 1 survivors (1024K)
 Metaspace       used 63386K, committed 63936K, reserved 1114112K
  class space    used 8556K, committed 8832K, reserved 1048576K
}
Event: 11.551 GC heap before
{Heap before GC invocations=24 (full 0):
 garbage-first heap   total 103424K, used 77888K [0x0000000080000000, 0x0000000100000000)
  region size 1024K, 21 young (21504K), 1 survivors (1024K)
 Metaspace       used 64500K, committed 64960K, reserved 1114112K
  class space    used 8713K, committed 8960K, reserved 1048576K
}
Event: 11.553 GC heap after
{Heap after GC invocations=25 (full 0):
 garbage-first heap   total 103424K, used 62514K [0x0000000080000000, 0x0000000100000000)
  region size 1024K, 3 young (3072K), 3 survivors (3072K)
 Metaspace       used 64500K, committed 64960K, reserved 1114112K
  class space    used 8713K, committed 8960K, reserved 1048576K
}
Event: 11.569 GC heap before
{Heap before GC invocations=25 (full 0):
 garbage-first heap   total 103424K, used 63538K [0x0000000080000000, 0x0000000100000000)
  region size 1024K, 5 young (5120K), 3 survivors (3072K)
 Metaspace       used 64583K, committed 65088K, reserved 1114112K
  class space    used 8722K, committed 8960K, reserved 1048576K
}
Event: 11.570 GC heap after
{Heap after GC invocations=26 (full 0):
 garbage-first heap   total 103424K, used 62482K [0x0000000080000000, 0x0000000100000000)
  region size 1024K, 1 young (1024K), 1 survivors (1024K)
 Metaspace       used 64583K, committed 65088K, reserved 1114112K
  class space    used 8722K, committed 8960K, reserved 1048576K
}
Event: 11.584 GC heap before
{Heap before GC invocations=26 (full 0):
 garbage-first heap   total 103424K, used 63506K [0x0000000080000000, 0x0000000100000000)
  region size 1024K, 3 young (3072K), 1 survivors (1024K)
 Metaspace       used 64688K, committed 65216K, reserved 1114112K
  class space    used 8730K, committed 9024K, reserved 1048576K
}
Event: 11.585 GC heap after
{Heap after GC invocations=27 (full 0):
 garbage-first heap   total 103424K, used 62465K [0x0000000080000000, 0x0000000100000000)
  region size 1024K, 1 young (1024K), 1 survivors (1024K)
 Metaspace       used 64688K, committed 65216K, reserved 1114112K
  class space    used 8730K, committed 9024K, reserved 1048576K
}

