# JRE version: OpenJDK Runtime Environment (17.0.9) (build 17.0.9+0--11185874)
# Java VM: OpenJDK 64-Bit Server VM (17.0.9+0--11185874, mixed mode, tiered, compressed oops, compressed class ptrs, g1 gc, windows-amd64)
GC Precious Log:
 CPUs: 16 total, 16 available
 Memory: 15791M
 Large Page Support: Disabled
 NUMA Support: Disabled
 Compressed Oops: Enabled (32-bit)
 Heap Region Size: 1M
 Heap Min Capacity: 8M
 Heap Initial Capacity: 248M
 Heap Max Capacity: 2G
 Pre-touch: Disabled
 Parallel Workers: 13
 Concurrent Workers: 3
 Concurrent Refinement Workers: 13
 Periodic GC: Disabled
Heap:
 garbage-first heap   total 270336K, used 199152K [0x0000000080000000, 0x0000000100000000)
  region size 1024K, 7 young (7168K), 4 survivors (4096K)
 Metaspace       used 117834K, committed 118912K, reserved 1179648K
  class space    used 15825K, committed 16320K, reserved 1048576K
GC Heap History (20 events):
Event: 13.375 GC heap before
{Heap before GC invocations=43 (full 0):
 garbage-first heap   total 270336K, used 221348K [0x0000000080000000, 0x0000000100000000)
  region size 1024K, 59 young (60416K), 2 survivors (2048K)
 Metaspace       used 103597K, committed 104512K, reserved 1179648K
  class space    used 14056K, committed 14528K, reserved 1048576K
}
Event: 13.377 GC heap after
{Heap after GC invocations=44 (full 0):
 garbage-first heap   total 270336K, used 165737K [0x0000000080000000, 0x0000000100000000)
  region size 1024K, 5 young (5120K), 5 survivors (5120K)
 Metaspace       used 103597K, committed 104512K, reserved 1179648K
  class space    used 14056K, committed 14528K, reserved 1048576K
}
Event: 14.670 GC heap before
{Heap before GC invocations=44 (full 0):
 garbage-first heap   total 270336K, used 223081K [0x0000000080000000, 0x0000000100000000)
  region size 1024K, 61 young (62464K), 5 survivors (5120K)
 Metaspace       used 103600K, committed 104512K, reserved 1179648K
  class space    used 14056K, committed 14528K, reserved 1048576K
}
Event: 14.673 GC heap after
{Heap after GC invocations=45 (full 0):
 garbage-first heap   total 270336K, used 168144K [0x0000000080000000, 0x0000000100000000)
  region size 1024K, 7 young (7168K), 7 survivors (7168K)
 Metaspace       used 103600K, committed 104512K, reserved 1179648K
  class space    used 14056K, committed 14528K, reserved 1048576K
}
Event: 15.399 GC heap before
{Heap before GC invocations=45 (full 0):
 garbage-first heap   total 270336K, used 225488K [0x0000000080000000, 0x0000000100000000)
  region size 1024K, 63 young (64512K), 7 survivors (7168K)
 Metaspace       used 103602K, committed 104576K, reserved 1179648K
  class space    used 14056K, committed 14528K, reserved 1048576K
}
Event: 15.403 GC heap after
{Heap after GC invocations=46 (full 0):
 garbage-first heap   total 270336K, used 170763K [0x0000000080000000, 0x0000000100000000)
  region size 1024K, 5 young (5120K), 5 survivors (5120K)
 Metaspace       used 103602K, committed 104576K, reserved 1179648K
  class space    used 14056K, committed 14528K, reserved 1048576K
}
Event: 15.958 GC heap before
{Heap before GC invocations=46 (full 0):
 garbage-first heap   total 270336K, used 226059K [0x0000000080000000, 0x0000000100000000)
  region size 1024K, 59 young (60416K), 5 survivors (5120K)
 Metaspace       used 103602K, committed 104576K, reserved 1179648K
  class space    used 14056K, committed 14528K, reserved 1048576K
}
Event: 15.960 GC heap after
{Heap after GC invocations=47 (full 0):
 garbage-first heap   total 270336K, used 172908K [0x0000000080000000, 0x0000000100000000)
  region size 1024K, 7 young (7168K), 7 survivors (7168K)
 Metaspace       used 103602K, committed 104576K, reserved 1179648K
  class space    used 14056K, committed 14528K, reserved 1048576K
}
Event: 16.393 GC heap before
{Heap before GC invocations=47 (full 0):
 garbage-first heap   total 270336K, used 242540K [0x0000000080000000, 0x0000000100000000)
  region size 1024K, 60 young (61440K), 7 survivors (7168K)
 Metaspace       used 103868K, committed 104768K, reserved 1179648K
  class space    used 14097K, committed 14528K, reserved 1048576K
}
Event: 16.400 GC heap after
{Heap after GC invocations=48 (full 0):
 garbage-first heap   total 270336K, used 180316K [0x0000000080000000, 0x0000000100000000)
  region size 1024K, 8 young (8192K), 8 survivors (8192K)
 Metaspace       used 103868K, committed 104768K, reserved 1179648K
  class space    used 14097K, committed 14528K, reserved 1048576K
}
Event: 16.888 GC heap before
{Heap before GC invocations=48 (full 0):
 garbage-first heap   total 270336K, used 225372K [0x0000000080000000, 0x0000000100000000)
  region size 1024K, 51 young (52224K), 8 survivors (8192K)
 Metaspace       used 108836K, committed 109760K, reserved 1179648K
  class space    used 14752K, committed 15168K, reserved 1048576K
}
Event: 16.894 GC heap after
{Heap after GC invocations=49 (full 0):
 garbage-first heap   total 270336K, used 183317K [0x0000000080000000, 0x0000000100000000)
  region size 1024K, 3 young (3072K), 3 survivors (3072K)
 Metaspace       used 108836K, committed 109760K, reserved 1179648K
  class space    used 14752K, committed 15168K, reserved 1048576K
}
Event: 17.544 GC heap before
{Heap before GC invocations=49 (full 0):
 garbage-first heap   total 270336K, used 227349K [0x0000000080000000, 0x0000000100000000)
  region size 1024K, 46 young (47104K), 3 survivors (3072K)
 Metaspace       used 112846K, committed 113856K, reserved 1179648K
  class space    used 15265K, committed 15744K, reserved 1048576K
}
Event: 17.548 GC heap after
{Heap after GC invocations=50 (full 0):
 garbage-first heap   total 270336K, used 184996K [0x0000000080000000, 0x0000000100000000)
  region size 1024K, 5 young (5120K), 5 survivors (5120K)
 Metaspace       used 112846K, committed 113856K, reserved 1179648K
  class space    used 15265K, committed 15744K, reserved 1048576K
}
Event: 18.016 GC heap before
{Heap before GC invocations=50 (full 0):
 garbage-first heap   total 270336K, used 228004K [0x0000000080000000, 0x0000000100000000)
  region size 1024K, 47 young (48128K), 5 survivors (5120K)
 Metaspace       used 115820K, committed 116736K, reserved 1179648K
  class space    used 15605K, committed 16064K, reserved 1048576K
}
Event: 18.024 GC heap after
{Heap after GC invocations=51 (full 0):
 garbage-first heap   total 270336K, used 189742K [0x0000000080000000, 0x0000000100000000)
  region size 1024K, 6 young (6144K), 6 survivors (6144K)
 Metaspace       used 115820K, committed 116736K, reserved 1179648K
  class space    used 15605K, committed 16064K, reserved 1048576K
}
Event: 18.237 GC heap before
{Heap before GC invocations=51 (full 0):
 garbage-first heap   total 270336K, used 227630K [0x0000000080000000, 0x0000000100000000)
  region size 1024K, 44 young (45056K), 6 survivors (6144K)
 Metaspace       used 116343K, committed 117312K, reserved 1179648K
  class space    used 15649K, committed 16128K, reserved 1048576K
}
Event: 18.241 GC heap after
{Heap after GC invocations=52 (full 0):
 garbage-first heap   total 270336K, used 193615K [0x0000000080000000, 0x0000000100000000)
  region size 1024K, 5 young (5120K), 5 survivors (5120K)
 Metaspace       used 116343K, committed 117312K, reserved 1179648K
  class space    used 15649K, committed 16128K, reserved 1048576K
}
Event: 18.621 GC heap before
{Heap before GC invocations=52 (full 0):
 garbage-first heap   total 270336K, used 228431K [0x0000000080000000, 0x0000000100000000)
  region size 1024K, 40 young (40960K), 5 survivors (5120K)
 Metaspace       used 117709K, committed 118720K, reserved 1179648K
  class space    used 15808K, committed 16256K, reserved 1048576K
}
Event: 18.626 GC heap after
{Heap after GC invocations=53 (full 0):
 garbage-first heap   total 270336K, used 197104K [0x0000000080000000, 0x0000000100000000)
  region size 1024K, 4 young (4096K), 4 survivors (4096K)
 Metaspace       used 117709K, committed 118720K, reserved 1179648K
  class space    used 15808K, committed 16256K, reserved 1048576K
}

