# JRE version: OpenJDK Runtime Environment (17.0.9) (build 17.0.9+0--11185874)
# Java VM: OpenJDK 64-Bit Server VM (17.0.9+0--11185874, mixed mode, tiered, compressed oops, compressed class ptrs, g1 gc, windows-amd64)
GC Precious Log:
 CPUs: 16 total, 16 available
 Memory: 15791M
 Large Page Support: Disabled
 NUMA Support: Disabled
 Compressed Oops: Enabled (32-bit)
 Heap Region Size: 1M
 Heap Min Capacity: 8M
 Heap Initial Capacity: 248M
 Heap Max Capacity: 2G
 Pre-touch: Disabled
 Parallel Workers: 13
 Concurrent Workers: 3
 Concurrent Refinement Workers: 13
 Periodic GC: Disabled
Heap:
 garbage-first heap   total 253952K, used 160096K [0x0000000080000000, 0x0000000100000000)
  region size 1024K, 6 young (6144K), 6 survivors (6144K)
 Metaspace       used 103467K, committed 104320K, reserved 1179648K
  class space    used 14034K, committed 14464K, reserved 1048576K
GC Heap History (20 events):
Event: 8.927 GC heap after
{Heap after GC invocations=46 (full 0):
 garbage-first heap   total 208896K, used 106896K [0x0000000080000000, 0x0000000100000000)
  region size 1024K, 9 young (9216K), 9 survivors (9216K)
 Metaspace       used 87833K, committed 88576K, reserved 1179648K
  class space    used 11798K, committed 12160K, reserved 1048576K
}
Event: 8.979 GC heap before
{Heap before GC invocations=46 (full 0):
 garbage-first heap   total 208896K, used 113040K [0x0000000080000000, 0x0000000100000000)
  region size 1024K, 16 young (16384K), 9 survivors (9216K)
 Metaspace       used 88284K, committed 89024K, reserved 1179648K
  class space    used 11858K, committed 12224K, reserved 1048576K
}
Event: 8.983 GC heap after
{Heap after GC invocations=47 (full 0):
 garbage-first heap   total 208896K, used 108764K [0x0000000080000000, 0x0000000100000000)
  region size 1024K, 2 young (2048K), 2 survivors (2048K)
 Metaspace       used 88284K, committed 89024K, reserved 1179648K
  class space    used 11858K, committed 12224K, reserved 1048576K
}
Event: 9.556 GC heap before
{Heap before GC invocations=48 (full 0):
 garbage-first heap   total 208896K, used 169180K [0x0000000080000000, 0x0000000100000000)
  region size 1024K, 60 young (61440K), 2 survivors (2048K)
 Metaspace       used 92470K, committed 93248K, reserved 1179648K
  class space    used 12604K, committed 12992K, reserved 1048576K
}
Event: 9.558 GC heap after
{Heap after GC invocations=49 (full 0):
 garbage-first heap   total 208896K, used 109205K [0x0000000080000000, 0x0000000100000000)
  region size 1024K, 3 young (3072K), 3 survivors (3072K)
 Metaspace       used 92470K, committed 93248K, reserved 1179648K
  class space    used 12604K, committed 12992K, reserved 1048576K
}
Event: 9.623 GC heap before
{Heap before GC invocations=49 (full 0):
 garbage-first heap   total 208896K, used 116373K [0x0000000080000000, 0x0000000100000000)
  region size 1024K, 10 young (10240K), 3 survivors (3072K)
 Metaspace       used 92994K, committed 93824K, reserved 1179648K
  class space    used 12686K, committed 13056K, reserved 1048576K
}
Event: 9.625 GC heap after
{Heap after GC invocations=50 (full 0):
 garbage-first heap   total 208896K, used 109150K [0x0000000080000000, 0x0000000100000000)
  region size 1024K, 1 young (1024K), 1 survivors (1024K)
 Metaspace       used 92994K, committed 93824K, reserved 1179648K
  class space    used 12686K, committed 13056K, reserved 1048576K
}
Event: 10.091 GC heap before
{Heap before GC invocations=50 (full 0):
 garbage-first heap   total 208896K, used 170590K [0x0000000080000000, 0x0000000100000000)
  region size 1024K, 61 young (62464K), 1 survivors (1024K)
 Metaspace       used 95273K, committed 96064K, reserved 1179648K
  class space    used 13037K, committed 13440K, reserved 1048576K
}
Event: 10.095 GC heap after
{Heap after GC invocations=51 (full 0):
 garbage-first heap   total 208896K, used 113166K [0x0000000080000000, 0x0000000100000000)
  region size 1024K, 5 young (5120K), 5 survivors (5120K)
 Metaspace       used 95273K, committed 96064K, reserved 1179648K
  class space    used 13037K, committed 13440K, reserved 1048576K
}
Event: 10.956 GC heap before
{Heap before GC invocations=52 (full 0):
 garbage-first heap   total 208896K, used 187918K [0x0000000080000000, 0x0000000100000000)
  region size 1024K, 63 young (64512K), 5 survivors (5120K)
 Metaspace       used 101082K, committed 102016K, reserved 1179648K
  class space    used 13742K, committed 14208K, reserved 1048576K
}
Event: 10.962 GC heap after
{Heap after GC invocations=53 (full 0):
 garbage-first heap   total 208896K, used 133440K [0x0000000080000000, 0x0000000100000000)
  region size 1024K, 8 young (8192K), 8 survivors (8192K)
 Metaspace       used 101082K, committed 102016K, reserved 1179648K
  class space    used 13742K, committed 14208K, reserved 1048576K
}
Event: 10.980 GC heap before
{Heap before GC invocations=53 (full 0):
 garbage-first heap   total 208896K, used 135488K [0x0000000080000000, 0x0000000100000000)
  region size 1024K, 10 young (10240K), 8 survivors (8192K)
 Metaspace       used 101438K, committed 102336K, reserved 1179648K
  class space    used 13776K, committed 14208K, reserved 1048576K
}
Event: 10.983 GC heap after
{Heap after GC invocations=54 (full 0):
 garbage-first heap   total 208896K, used 133373K [0x0000000080000000, 0x0000000100000000)
  region size 1024K, 1 young (1024K), 1 survivors (1024K)
 Metaspace       used 101438K, committed 102336K, reserved 1179648K
  class space    used 13776K, committed 14208K, reserved 1048576K
}
Event: 11.403 GC heap before
{Heap before GC invocations=54 (full 0):
 garbage-first heap   total 208896K, used 173309K [0x0000000080000000, 0x0000000100000000)
  region size 1024K, 40 young (40960K), 1 survivors (1024K)
 Metaspace       used 103319K, committed 104256K, reserved 1179648K
  class space    used 14009K, committed 14464K, reserved 1048576K
}
Event: 11.406 GC heap after
{Heap after GC invocations=55 (full 0):
 garbage-first heap   total 208896K, used 136157K [0x0000000080000000, 0x0000000100000000)
  region size 1024K, 4 young (4096K), 4 survivors (4096K)
 Metaspace       used 103319K, committed 104256K, reserved 1179648K
  class space    used 14009K, committed 14464K, reserved 1048576K
}
Event: 11.554 GC heap before
{Heap before GC invocations=56 (full 0):
 garbage-first heap   total 245760K, used 179165K [0x0000000080000000, 0x0000000100000000)
  region size 1024K, 42 young (43008K), 4 survivors (4096K)
 Metaspace       used 103439K, committed 104320K, reserved 1179648K
  class space    used 14032K, committed 14464K, reserved 1048576K
}
Event: 11.564 GC heap after
{Heap after GC invocations=57 (full 0):
 garbage-first heap   total 245760K, used 151847K [0x0000000080000000, 0x0000000100000000)
  region size 1024K, 6 young (6144K), 6 survivors (6144K)
 Metaspace       used 103439K, committed 104320K, reserved 1179648K
  class space    used 14032K, committed 14464K, reserved 1048576K
}
Event: 11.575 GC heap before
{Heap before GC invocations=57 (full 0):
 garbage-first heap   total 245760K, used 156967K [0x0000000080000000, 0x0000000100000000)
  region size 1024K, 12 young (12288K), 6 survivors (6144K)
 Metaspace       used 103439K, committed 104320K, reserved 1179648K
  class space    used 14032K, committed 14464K, reserved 1048576K
}
Event: 11.581 GC heap after
{Heap after GC invocations=58 (full 0):
 garbage-first heap   total 245760K, used 155255K [0x0000000080000000, 0x0000000100000000)
  region size 1024K, 2 young (2048K), 2 survivors (2048K)
 Metaspace       used 103439K, committed 104320K, reserved 1179648K
  class space    used 14032K, committed 14464K, reserved 1048576K
}
Event: 12.209 GC heap before
{Heap before GC invocations=58 (full 0):
 garbage-first heap   total 245760K, used 195191K [0x0000000080000000, 0x0000000100000000)
  region size 1024K, 42 young (43008K), 2 survivors (2048K)
 Metaspace       used 103467K, committed 104320K, reserved 1179648K
  class space    used 14034K, committed 14464K, reserved 1048576K
}

