# JRE version: OpenJDK Runtime Environment (17.0.9) (build 17.0.9+0--11185874)
# Java VM: OpenJDK 64-Bit Server VM (17.0.9+0--11185874, mixed mode, tiered, compressed oops, compressed class ptrs, g1 gc, windows-amd64)
GC Precious Log:
 CPUs: 16 total, 16 available
 Memory: 15791M
 Large Page Support: Disabled
 NUMA Support: Disabled
 Compressed Oops: Enabled (32-bit)
 Heap Region Size: 1M
 Heap Min Capacity: 8M
 Heap Initial Capacity: 248M
 Heap Max Capacity: 2G
 Pre-touch: Disabled
 Parallel Workers: 13
 Concurrent Workers: 3
 Concurrent Refinement Workers: 13
 Periodic GC: Disabled
Heap:
 garbage-first heap   total 232448K, used 116701K [0x0000000080000000, 0x0000000100000000)
  region size 1024K, 44 young (45056K), 11 survivors (11264K)
 Metaspace       used 83382K, committed 84032K, reserved 1179648K
  class space    used 11119K, committed 11456K, reserved 1048576K
GC Heap History (20 events):
Event: 4.848 GC heap before
{Heap before GC invocations=14 (full 0):
 garbage-first heap   total 107520K, used 82442K [0x0000000080000000, 0x0000000100000000)
  region size 1024K, 55 young (56320K), 7 survivors (7168K)
 Metaspace       used 56184K, committed 56704K, reserved 1114112K
  class space    used 7675K, committed 7936K, reserved 1048576K
}
Event: 4.853 GC heap after
{Heap after GC invocations=15 (full 0):
 garbage-first heap   total 107520K, used 38708K [0x0000000080000000, 0x0000000100000000)
  region size 1024K, 7 young (7168K), 7 survivors (7168K)
 Metaspace       used 56184K, committed 56704K, reserved 1114112K
  class space    used 7675K, committed 7936K, reserved 1048576K
}
Event: 5.340 GC heap before
{Heap before GC invocations=15 (full 0):
 garbage-first heap   total 107520K, used 94004K [0x0000000080000000, 0x0000000100000000)
  region size 1024K, 49 young (50176K), 7 survivors (7168K)
 Metaspace       used 57931K, committed 58496K, reserved 1114112K
  class space    used 7879K, committed 8192K, reserved 1048576K
}
Event: 5.347 GC heap after
{Heap after GC invocations=16 (full 0):
 garbage-first heap   total 112640K, used 60654K [0x0000000080000000, 0x0000000100000000)
  region size 1024K, 7 young (7168K), 7 survivors (7168K)
 Metaspace       used 57931K, committed 58496K, reserved 1114112K
  class space    used 7879K, committed 8192K, reserved 1048576K
}
Event: 5.544 GC heap before
{Heap before GC invocations=16 (full 0):
 garbage-first heap   total 112640K, used 81134K [0x0000000080000000, 0x0000000100000000)
  region size 1024K, 28 young (28672K), 7 survivors (7168K)
 Metaspace       used 59601K, committed 60160K, reserved 1114112K
  class space    used 8117K, committed 8384K, reserved 1048576K
}
Event: 5.547 GC heap after
{Heap after GC invocations=17 (full 0):
 garbage-first heap   total 112640K, used 62901K [0x0000000080000000, 0x0000000100000000)
  region size 1024K, 1 young (1024K), 1 survivors (1024K)
 Metaspace       used 59601K, committed 60160K, reserved 1114112K
  class space    used 8117K, committed 8384K, reserved 1048576K
}
Event: 5.798 GC heap before
{Heap before GC invocations=18 (full 0):
 garbage-first heap   total 112640K, used 88501K [0x0000000080000000, 0x0000000100000000)
  region size 1024K, 27 young (27648K), 1 survivors (1024K)
 Metaspace       used 62243K, committed 62784K, reserved 1114112K
  class space    used 8417K, committed 8704K, reserved 1048576K
}
Event: 5.800 GC heap after
{Heap after GC invocations=19 (full 0):
 garbage-first heap   total 112640K, used 63233K [0x0000000080000000, 0x0000000100000000)
  region size 1024K, 2 young (2048K), 2 survivors (2048K)
 Metaspace       used 62243K, committed 62784K, reserved 1114112K
  class space    used 8417K, committed 8704K, reserved 1048576K
}
Event: 6.061 GC heap before
{Heap before GC invocations=19 (full 0):
 garbage-first heap   total 112640K, used 90881K [0x0000000080000000, 0x0000000100000000)
  region size 1024K, 29 young (29696K), 2 survivors (2048K)
 Metaspace       used 65168K, committed 65664K, reserved 1114112K
  class space    used 8716K, committed 8960K, reserved 1048576K
}
Event: 6.062 GC heap after
{Heap after GC invocations=20 (full 0):
 garbage-first heap   total 112640K, used 64073K [0x0000000080000000, 0x0000000100000000)
  region size 1024K, 3 young (3072K), 3 survivors (3072K)
 Metaspace       used 65168K, committed 65664K, reserved 1114112K
  class space    used 8716K, committed 8960K, reserved 1048576K
}
Event: 6.356 GC heap before
{Heap before GC invocations=21 (full 0):
 garbage-first heap   total 112640K, used 92745K [0x0000000080000000, 0x0000000100000000)
  region size 1024K, 30 young (30720K), 3 survivors (3072K)
 Metaspace       used 68511K, committed 69120K, reserved 1114112K
  class space    used 9198K, committed 9472K, reserved 1048576K
}
Event: 6.358 GC heap after
{Heap after GC invocations=22 (full 0):
 garbage-first heap   total 112640K, used 67699K [0x0000000080000000, 0x0000000100000000)
  region size 1024K, 4 young (4096K), 4 survivors (4096K)
 Metaspace       used 68511K, committed 69120K, reserved 1114112K
  class space    used 9198K, committed 9472K, reserved 1048576K
}
Event: 6.361 GC heap before
{Heap before GC invocations=22 (full 0):
 garbage-first heap   total 112640K, used 71795K [0x0000000080000000, 0x0000000100000000)
  region size 1024K, 5 young (5120K), 4 survivors (4096K)
 Metaspace       used 68511K, committed 69120K, reserved 1114112K
  class space    used 9198K, committed 9472K, reserved 1048576K
}
Event: 6.364 GC heap after
{Heap after GC invocations=23 (full 0):
 garbage-first heap   total 112640K, used 69640K [0x0000000080000000, 0x0000000100000000)
  region size 1024K, 1 young (1024K), 1 survivors (1024K)
 Metaspace       used 68511K, committed 69120K, reserved 1114112K
  class space    used 9198K, committed 9472K, reserved 1048576K
}
Event: 6.379 GC heap before
{Heap before GC invocations=23 (full 0):
 garbage-first heap   total 112640K, used 74760K [0x0000000080000000, 0x0000000100000000)
  region size 1024K, 7 young (7168K), 1 survivors (1024K)
 Metaspace       used 68515K, committed 69120K, reserved 1114112K
  class space    used 9198K, committed 9472K, reserved 1048576K
}
Event: 6.381 GC heap after
{Heap after GC invocations=24 (full 0):
 garbage-first heap   total 232448K, used 71200K [0x0000000080000000, 0x0000000100000000)
  region size 1024K, 3 young (3072K), 3 survivors (3072K)
 Metaspace       used 68515K, committed 69120K, reserved 1114112K
  class space    used 9198K, committed 9472K, reserved 1048576K
}
Event: 7.181 GC heap before
{Heap before GC invocations=24 (full 0):
 garbage-first heap   total 232448K, used 157216K [0x0000000080000000, 0x0000000100000000)
  region size 1024K, 81 young (82944K), 3 survivors (3072K)
 Metaspace       used 74773K, committed 75328K, reserved 1179648K
  class space    used 10031K, committed 10304K, reserved 1048576K
}
Event: 7.184 GC heap after
{Heap after GC invocations=25 (full 0):
 garbage-first heap   total 232448K, used 79223K [0x0000000080000000, 0x0000000100000000)
  region size 1024K, 6 young (6144K), 6 survivors (6144K)
 Metaspace       used 74773K, committed 75328K, reserved 1179648K
  class space    used 10031K, committed 10304K, reserved 1048576K
}
Event: 8.052 GC heap before
{Heap before GC invocations=25 (full 0):
 garbage-first heap   total 232448K, used 169335K [0x0000000080000000, 0x0000000100000000)
  region size 1024K, 89 young (91136K), 6 survivors (6144K)
 Metaspace       used 82414K, committed 83008K, reserved 1179648K
  class space    used 11019K, committed 11328K, reserved 1048576K
}
Event: 8.058 GC heap after
{Heap after GC invocations=26 (full 0):
 garbage-first heap   total 232448K, used 83933K [0x0000000080000000, 0x0000000100000000)
  region size 1024K, 11 young (11264K), 11 survivors (11264K)
 Metaspace       used 82414K, committed 83008K, reserved 1179648K
  class space    used 11019K, committed 11328K, reserved 1048576K
}

