# JRE version: OpenJDK Runtime Environment (17.0.9) (build 17.0.9+0--11185874)
# Java VM: OpenJDK 64-Bit Server VM (17.0.9+0--11185874, mixed mode, tiered, compressed oops, compressed class ptrs, g1 gc, windows-amd64)
GC Precious Log:
 CPUs: 16 total, 16 available
 Memory: 15791M
 Large Page Support: Disabled
 NUMA Support: Disabled
 Compressed Oops: Enabled (32-bit)
 Heap Region Size: 1M
 Heap Min Capacity: 8M
 Heap Initial Capacity: 248M
 Heap Max Capacity: 2G
 Pre-touch: Disabled
 Parallel Workers: 13
 Concurrent Workers: 3
 Concurrent Refinement Workers: 13
 Periodic GC: Disabled
Heap:
 garbage-first heap   total 207872K, used 151092K [0x0000000080000000, 0x0000000100000000)
  region size 1024K, 32 young (32768K), 3 survivors (3072K)
 Metaspace       used 108421K, committed 109248K, reserved 1179648K
  class space    used 14792K, committed 15168K, reserved 1048576K
GC Heap History (20 events):
Event: 9.675 GC heap before
{Heap before GC invocations=37 (full 0):
 garbage-first heap   total 173056K, used 141431K [0x0000000080000000, 0x0000000100000000)
  region size 1024K, 54 young (55296K), 5 survivors (5120K)
 Metaspace       used 95223K, committed 95936K, reserved 1179648K
  class space    used 12975K, committed 13312K, reserved 1048576K
}
Event: 9.681 GC heap after
{Heap after GC invocations=38 (full 0):
 garbage-first heap   total 173056K, used 94912K [0x0000000080000000, 0x0000000100000000)
  region size 1024K, 7 young (7168K), 7 survivors (7168K)
 Metaspace       used 95223K, committed 95936K, reserved 1179648K
  class space    used 12975K, committed 13312K, reserved 1048576K
}
Event: 10.157 GC heap before
{Heap before GC invocations=38 (full 0):
 garbage-first heap   total 173056K, used 142016K [0x0000000080000000, 0x0000000100000000)
  region size 1024K, 53 young (54272K), 7 survivors (7168K)
 Metaspace       used 98690K, committed 99456K, reserved 1179648K
  class space    used 13524K, committed 13888K, reserved 1048576K
}
Event: 10.161 GC heap after
{Heap after GC invocations=39 (full 0):
 garbage-first heap   total 173056K, used 97263K [0x0000000080000000, 0x0000000100000000)
  region size 1024K, 6 young (6144K), 6 survivors (6144K)
 Metaspace       used 98690K, committed 99456K, reserved 1179648K
  class space    used 13524K, committed 13888K, reserved 1048576K
}
Event: 10.703 GC heap before
{Heap before GC invocations=39 (full 0):
 garbage-first heap   total 173056K, used 144367K [0x0000000080000000, 0x0000000100000000)
  region size 1024K, 52 young (53248K), 6 survivors (6144K)
 Metaspace       used 102362K, committed 103104K, reserved 1179648K
  class space    used 13992K, committed 14336K, reserved 1048576K
}
Event: 10.707 GC heap after
{Heap after GC invocations=40 (full 0):
 garbage-first heap   total 173056K, used 100901K [0x0000000080000000, 0x0000000100000000)
  region size 1024K, 6 young (6144K), 6 survivors (6144K)
 Metaspace       used 102362K, committed 103104K, reserved 1179648K
  class space    used 13992K, committed 14336K, reserved 1048576K
}
Event: 11.130 GC heap before
{Heap before GC invocations=40 (full 0):
 garbage-first heap   total 173056K, used 149029K [0x0000000080000000, 0x0000000100000000)
  region size 1024K, 49 young (50176K), 6 survivors (6144K)
 Metaspace       used 105930K, committed 106688K, reserved 1179648K
  class space    used 14383K, committed 14720K, reserved 1048576K
}
Event: 11.135 GC heap after
{Heap after GC invocations=41 (full 0):
 garbage-first heap   total 173056K, used 106064K [0x0000000080000000, 0x0000000100000000)
  region size 1024K, 7 young (7168K), 7 survivors (7168K)
 Metaspace       used 105930K, committed 106688K, reserved 1179648K
  class space    used 14383K, committed 14720K, reserved 1048576K
}
Event: 11.372 GC heap before
{Heap before GC invocations=41 (full 0):
 garbage-first heap   total 173056K, used 142928K [0x0000000080000000, 0x0000000100000000)
  region size 1024K, 44 young (45056K), 7 survivors (7168K)
 Metaspace       used 107223K, committed 108032K, reserved 1179648K
  class space    used 14688K, committed 15040K, reserved 1048576K
}
Event: 11.378 GC heap after
{Heap after GC invocations=42 (full 0):
 garbage-first heap   total 173056K, used 111660K [0x0000000080000000, 0x0000000100000000)
  region size 1024K, 6 young (6144K), 6 survivors (6144K)
 Metaspace       used 107223K, committed 108032K, reserved 1179648K
  class space    used 14688K, committed 15040K, reserved 1048576K
}
Event: 11.614 GC heap before
{Heap before GC invocations=42 (full 0):
 garbage-first heap   total 173056K, used 143404K [0x0000000080000000, 0x0000000100000000)
  region size 1024K, 38 young (38912K), 6 survivors (6144K)
 Metaspace       used 107550K, committed 108352K, reserved 1179648K
  class space    used 14711K, committed 15104K, reserved 1048576K
}
Event: 11.618 GC heap after
{Heap after GC invocations=43 (full 0):
 garbage-first heap   total 173056K, used 113664K [0x0000000080000000, 0x0000000100000000)
  region size 1024K, 4 young (4096K), 4 survivors (4096K)
 Metaspace       used 107550K, committed 108352K, reserved 1179648K
  class space    used 14711K, committed 15104K, reserved 1048576K
}
Event: 11.901 GC heap before
{Heap before GC invocations=43 (full 0):
 garbage-first heap   total 173056K, used 144384K [0x0000000080000000, 0x0000000100000000)
  region size 1024K, 35 young (35840K), 4 survivors (4096K)
 Metaspace       used 107968K, committed 108800K, reserved 1179648K
  class space    used 14746K, committed 15104K, reserved 1048576K
}
Event: 11.904 GC heap after
{Heap after GC invocations=44 (full 0):
 garbage-first heap   total 173056K, used 116265K [0x0000000080000000, 0x0000000100000000)
  region size 1024K, 4 young (4096K), 4 survivors (4096K)
 Metaspace       used 107968K, committed 108800K, reserved 1179648K
  class space    used 14746K, committed 15104K, reserved 1048576K
}
Event: 12.088 GC heap before
{Heap before GC invocations=44 (full 0):
 garbage-first heap   total 173056K, used 143913K [0x0000000080000000, 0x0000000100000000)
  region size 1024K, 32 young (32768K), 4 survivors (4096K)
 Metaspace       used 108080K, committed 108864K, reserved 1179648K
  class space    used 14747K, committed 15104K, reserved 1048576K
}
Event: 12.091 GC heap after
{Heap after GC invocations=45 (full 0):
 garbage-first heap   total 173056K, used 118739K [0x0000000080000000, 0x0000000100000000)
  region size 1024K, 3 young (3072K), 3 survivors (3072K)
 Metaspace       used 108080K, committed 108864K, reserved 1179648K
  class space    used 14747K, committed 15104K, reserved 1048576K
}
Event: 12.230 GC heap before
{Heap before GC invocations=45 (full 0):
 garbage-first heap   total 173056K, used 145363K [0x0000000080000000, 0x0000000100000000)
  region size 1024K, 30 young (30720K), 3 survivors (3072K)
 Metaspace       used 108179K, committed 108992K, reserved 1179648K
  class space    used 14759K, committed 15104K, reserved 1048576K
}
Event: 12.233 GC heap after
{Heap after GC invocations=46 (full 0):
 garbage-first heap   total 173056K, used 121670K [0x0000000080000000, 0x0000000100000000)
  region size 1024K, 4 young (4096K), 4 survivors (4096K)
 Metaspace       used 108179K, committed 108992K, reserved 1179648K
  class space    used 14759K, committed 15104K, reserved 1048576K
}
Event: 12.371 GC heap before
{Heap before GC invocations=46 (full 0):
 garbage-first heap   total 173056K, used 144198K [0x0000000080000000, 0x0000000100000000)
  region size 1024K, 27 young (27648K), 4 survivors (4096K)
 Metaspace       used 108345K, committed 109184K, reserved 1179648K
  class space    used 14786K, committed 15168K, reserved 1048576K
}
Event: 12.374 GC heap after
{Heap after GC invocations=47 (full 0):
 garbage-first heap   total 207872K, used 123444K [0x0000000080000000, 0x0000000100000000)
  region size 1024K, 3 young (3072K), 3 survivors (3072K)
 Metaspace       used 108345K, committed 109184K, reserved 1179648K
  class space    used 14786K, committed 15168K, reserved 1048576K
}

