# JRE version: OpenJDK Runtime Environment (17.0.9) (build 17.0.9+0--11185874)
# Java VM: OpenJDK 64-Bit Server VM (17.0.9+0--11185874, mixed mode, tiered, compressed oops, compressed class ptrs, g1 gc, windows-amd64)
GC Precious Log:
 CPUs: 16 total, 16 available
 Memory: 15791M
 Large Page Support: Disabled
 NUMA Support: Disabled
 Compressed Oops: Enabled (32-bit)
 Heap Region Size: 1M
 Heap Min Capacity: 8M
 Heap Initial Capacity: 248M
 Heap Max Capacity: 2G
 Pre-touch: Disabled
 Parallel Workers: 13
 Concurrent Workers: 3
 Concurrent Refinement Workers: 13
 Periodic GC: Disabled
Heap:
 garbage-first heap   total 208896K, used 140140K [0x0000000080000000, 0x0000000100000000)
  region size 1024K, 10 young (10240K), 4 survivors (4096K)
 Metaspace       used 118549K, committed 119424K, reserved 1179648K
  class space    used 16128K, committed 16576K, reserved 1048576K
GC Heap History (20 events):
Event: 15.696 GC heap before
{Heap before GC invocations=38 (full 0):
 garbage-first heap   total 174080K, used 150444K [0x0000000080000000, 0x0000000100000000)
  region size 1024K, 47 young (48128K), 6 survivors (6144K)
 Metaspace       used 111740K, committed 112576K, reserved 1179648K
  class space    used 15122K, committed 15552K, reserved 1048576K
}
Event: 15.702 GC heap after
{Heap after GC invocations=39 (full 0):
 garbage-first heap   total 174080K, used 110284K [0x0000000080000000, 0x0000000100000000)
  region size 1024K, 6 young (6144K), 6 survivors (6144K)
 Metaspace       used 111740K, committed 112576K, reserved 1179648K
  class space    used 15122K, committed 15552K, reserved 1048576K
}
Event: 15.879 GC heap before
{Heap before GC invocations=39 (full 0):
 garbage-first heap   total 174080K, used 145100K [0x0000000080000000, 0x0000000100000000)
  region size 1024K, 41 young (41984K), 6 survivors (6144K)
 Metaspace       used 112733K, committed 113600K, reserved 1179648K
  class space    used 15377K, committed 15808K, reserved 1048576K
}
Event: 15.884 GC heap after
{Heap after GC invocations=40 (full 0):
 garbage-first heap   total 174080K, used 114772K [0x0000000080000000, 0x0000000100000000)
  region size 1024K, 5 young (5120K), 5 survivors (5120K)
 Metaspace       used 112733K, committed 113600K, reserved 1179648K
  class space    used 15377K, committed 15808K, reserved 1048576K
}
Event: 16.089 GC heap before
{Heap before GC invocations=40 (full 0):
 garbage-first heap   total 174080K, used 144468K [0x0000000080000000, 0x0000000100000000)
  region size 1024K, 35 young (35840K), 5 survivors (5120K)
 Metaspace       used 113087K, committed 113920K, reserved 1179648K
  class space    used 15405K, committed 15808K, reserved 1048576K
}
Event: 16.092 GC heap after
{Heap after GC invocations=41 (full 0):
 garbage-first heap   total 174080K, used 117760K [0x0000000080000000, 0x0000000100000000)
  region size 1024K, 5 young (5120K), 5 survivors (5120K)
 Metaspace       used 113087K, committed 113920K, reserved 1179648K
  class space    used 15405K, committed 15808K, reserved 1048576K
}
Event: 16.291 GC heap before
{Heap before GC invocations=41 (full 0):
 garbage-first heap   total 174080K, used 144384K [0x0000000080000000, 0x0000000100000000)
  region size 1024K, 32 young (32768K), 5 survivors (5120K)
 Metaspace       used 113374K, committed 114240K, reserved 1179648K
  class space    used 15436K, committed 15872K, reserved 1048576K
}
Event: 16.295 GC heap after
{Heap after GC invocations=42 (full 0):
 garbage-first heap   total 174080K, used 119420K [0x0000000080000000, 0x0000000100000000)
  region size 1024K, 4 young (4096K), 4 survivors (4096K)
 Metaspace       used 113374K, committed 114240K, reserved 1179648K
  class space    used 15436K, committed 15872K, reserved 1048576K
}
Event: 16.458 GC heap before
{Heap before GC invocations=42 (full 0):
 garbage-first heap   total 174080K, used 145020K [0x0000000080000000, 0x0000000100000000)
  region size 1024K, 30 young (30720K), 4 survivors (4096K)
 Metaspace       used 113553K, committed 114432K, reserved 1179648K
  class space    used 15437K, committed 15872K, reserved 1048576K
}
Event: 16.461 GC heap after
{Heap after GC invocations=43 (full 0):
 garbage-first heap   total 174080K, used 121627K [0x0000000080000000, 0x0000000100000000)
  region size 1024K, 3 young (3072K), 3 survivors (3072K)
 Metaspace       used 113553K, committed 114432K, reserved 1179648K
  class space    used 15437K, committed 15872K, reserved 1048576K
}
Event: 16.646 GC heap before
{Heap before GC invocations=43 (full 0):
 garbage-first heap   total 174080K, used 146203K [0x0000000080000000, 0x0000000100000000)
  region size 1024K, 28 young (28672K), 3 survivors (3072K)
 Metaspace       used 113669K, committed 114496K, reserved 1179648K
  class space    used 15448K, committed 15872K, reserved 1048576K
}
Event: 16.650 GC heap after
{Heap after GC invocations=44 (full 0):
 garbage-first heap   total 174080K, used 124533K [0x0000000080000000, 0x0000000100000000)
  region size 1024K, 4 young (4096K), 4 survivors (4096K)
 Metaspace       used 113669K, committed 114496K, reserved 1179648K
  class space    used 15448K, committed 15872K, reserved 1048576K
}
Event: 16.856 GC heap before
{Heap before GC invocations=44 (full 0):
 garbage-first heap   total 174080K, used 146037K [0x0000000080000000, 0x0000000100000000)
  region size 1024K, 26 young (26624K), 4 survivors (4096K)
 Metaspace       used 113808K, committed 114624K, reserved 1179648K
  class space    used 15474K, committed 15872K, reserved 1048576K
}
Event: 16.860 GC heap after
{Heap after GC invocations=45 (full 0):
 garbage-first heap   total 208896K, used 126402K [0x0000000080000000, 0x0000000100000000)
  region size 1024K, 3 young (3072K), 3 survivors (3072K)
 Metaspace       used 113808K, committed 114624K, reserved 1179648K
  class space    used 15474K, committed 15872K, reserved 1048576K
}
Event: 17.600 GC heap before
{Heap before GC invocations=45 (full 0):
 garbage-first heap   total 208896K, used 170434K [0x0000000080000000, 0x0000000100000000)
  region size 1024K, 47 young (48128K), 3 survivors (3072K)
 Metaspace       used 116097K, committed 116928K, reserved 1179648K
  class space    used 15752K, committed 16192K, reserved 1048576K
}
Event: 17.603 GC heap after
{Heap after GC invocations=46 (full 0):
 garbage-first heap   total 208896K, used 129535K [0x0000000080000000, 0x0000000100000000)
  region size 1024K, 6 young (6144K), 6 survivors (6144K)
 Metaspace       used 116097K, committed 116928K, reserved 1179648K
  class space    used 15752K, committed 16192K, reserved 1048576K
}
Event: 17.899 GC heap before
{Heap before GC invocations=46 (full 0):
 garbage-first heap   total 208896K, used 171519K [0x0000000080000000, 0x0000000100000000)
  region size 1024K, 48 young (49152K), 6 survivors (6144K)
 Metaspace       used 117431K, committed 118208K, reserved 1179648K
  class space    used 15933K, committed 16320K, reserved 1048576K
}
Event: 17.904 GC heap after
{Heap after GC invocations=47 (full 0):
 garbage-first heap   total 208896K, used 132677K [0x0000000080000000, 0x0000000100000000)
  region size 1024K, 5 young (5120K), 5 survivors (5120K)
 Metaspace       used 117431K, committed 118208K, reserved 1179648K
  class space    used 15933K, committed 16320K, reserved 1048576K
}
Event: 18.820 GC heap before
{Heap before GC invocations=47 (full 0):
 garbage-first heap   total 208896K, used 172613K [0x0000000080000000, 0x0000000100000000)
  region size 1024K, 45 young (46080K), 5 survivors (5120K)
 Metaspace       used 118131K, committed 119040K, reserved 1179648K
  class space    used 16052K, committed 16512K, reserved 1048576K
}
Event: 18.823 GC heap after
{Heap after GC invocations=48 (full 0):
 garbage-first heap   total 208896K, used 135020K [0x0000000080000000, 0x0000000100000000)
  region size 1024K, 4 young (4096K), 4 survivors (4096K)
 Metaspace       used 118131K, committed 119040K, reserved 1179648K
  class space    used 16052K, committed 16512K, reserved 1048576K
}

