# JRE version: OpenJDK Runtime Environment (17.0.9) (build 17.0.9+0--11185874)
# Java VM: OpenJDK 64-Bit Server VM (17.0.9+0--11185874, mixed mode, tiered, compressed oops, compressed class ptrs, g1 gc, windows-amd64)
GC Precious Log:
 CPUs: 16 total, 16 available
 Memory: 15791M
 Large Page Support: Disabled
 NUMA Support: Disabled
 Compressed Oops: Enabled (32-bit)
 Heap Region Size: 1M
 Heap Min Capacity: 8M
 Heap Initial Capacity: 248M
 Heap Max Capacity: 2G
 Pre-touch: Disabled
 Parallel Workers: 13
 Concurrent Workers: 3
 Concurrent Refinement Workers: 13
 Periodic GC: Disabled
Heap:
 garbage-first heap   total 155648K, used 87765K [0x0000000080000000, 0x0000000100000000)
  region size 1024K, 24 young (24576K), 1 survivors (1024K)
 Metaspace       used 81010K, committed 81664K, reserved 1179648K
  class space    used 11296K, committed 11584K, reserved 1048576K
GC Heap History (20 events):
Event: 5.910 GC heap before
{Heap before GC invocations=14 (full 0):
 garbage-first heap   total 86016K, used 62352K [0x0000000080000000, 0x0000000100000000)
  region size 1024K, 32 young (32768K), 4 survivors (4096K)
 Metaspace       used 59656K, committed 60160K, reserved 1114112K
  class space    used 8116K, committed 8320K, reserved 1048576K
}
Event: 5.914 GC heap after
{Heap after GC invocations=15 (full 0):
 garbage-first heap   total 86016K, used 38601K [0x0000000080000000, 0x0000000100000000)
  region size 1024K, 5 young (5120K), 5 survivors (5120K)
 Metaspace       used 59656K, committed 60160K, reserved 1114112K
  class space    used 8116K, committed 8320K, reserved 1048576K
}
Event: 8.621 GC heap before
{Heap before GC invocations=16 (full 0):
 garbage-first heap   total 86016K, used 67273K [0x0000000080000000, 0x0000000100000000)
  region size 1024K, 34 young (34816K), 5 survivors (5120K)
 Metaspace       used 63024K, committed 63552K, reserved 1114112K
  class space    used 8515K, committed 8768K, reserved 1048576K
}
Event: 8.626 GC heap after
{Heap after GC invocations=17 (full 0):
 garbage-first heap   total 86016K, used 43116K [0x0000000080000000, 0x0000000100000000)
  region size 1024K, 5 young (5120K), 5 survivors (5120K)
 Metaspace       used 63024K, committed 63552K, reserved 1114112K
  class space    used 8515K, committed 8768K, reserved 1048576K
}
Event: 8.634 GC heap before
{Heap before GC invocations=17 (full 0):
 garbage-first heap   total 86016K, used 43116K [0x0000000080000000, 0x0000000100000000)
  region size 1024K, 6 young (6144K), 5 survivors (5120K)
 Metaspace       used 63069K, committed 63552K, reserved 1114112K
  class space    used 8519K, committed 8768K, reserved 1048576K
}
Event: 8.636 GC heap after
{Heap after GC invocations=18 (full 0):
 garbage-first heap   total 86016K, used 42809K [0x0000000080000000, 0x0000000100000000)
  region size 1024K, 1 young (1024K), 1 survivors (1024K)
 Metaspace       used 63069K, committed 63552K, reserved 1114112K
  class space    used 8519K, committed 8768K, reserved 1048576K
}
Event: 8.931 GC heap before
{Heap before GC invocations=18 (full 0):
 garbage-first heap   total 86016K, used 66361K [0x0000000080000000, 0x0000000100000000)
  region size 1024K, 25 young (25600K), 1 survivors (1024K)
 Metaspace       used 66683K, committed 67200K, reserved 1114112K
  class space    used 9441K, committed 9728K, reserved 1048576K
}
Event: 8.933 GC heap after
{Heap after GC invocations=19 (full 0):
 garbage-first heap   total 86016K, used 42983K [0x0000000080000000, 0x0000000100000000)
  region size 1024K, 1 young (1024K), 1 survivors (1024K)
 Metaspace       used 66683K, committed 67200K, reserved 1114112K
  class space    used 9441K, committed 9728K, reserved 1048576K
}
Event: 9.179 GC heap before
{Heap before GC invocations=20 (full 0):
 garbage-first heap   total 86016K, used 68583K [0x0000000080000000, 0x0000000100000000)
  region size 1024K, 26 young (26624K), 1 survivors (1024K)
 Metaspace       used 69601K, committed 70144K, reserved 1114112K
  class space    used 9851K, committed 10112K, reserved 1048576K
}
Event: 9.180 GC heap after
{Heap after GC invocations=21 (full 0):
 garbage-first heap   total 86016K, used 43601K [0x0000000080000000, 0x0000000100000000)
  region size 1024K, 2 young (2048K), 2 survivors (2048K)
 Metaspace       used 69601K, committed 70144K, reserved 1114112K
  class space    used 9851K, committed 10112K, reserved 1048576K
}
Event: 9.616 GC heap before
{Heap before GC invocations=21 (full 0):
 garbage-first heap   total 86016K, used 69201K [0x0000000080000000, 0x0000000100000000)
  region size 1024K, 27 young (27648K), 2 survivors (2048K)
 Metaspace       used 72845K, committed 73344K, reserved 1114112K
  class space    used 10287K, committed 10560K, reserved 1048576K
}
Event: 9.619 GC heap after
{Heap after GC invocations=22 (full 0):
 garbage-first heap   total 86016K, used 44308K [0x0000000080000000, 0x0000000100000000)
  region size 1024K, 3 young (3072K), 3 survivors (3072K)
 Metaspace       used 72845K, committed 73344K, reserved 1114112K
  class space    used 10287K, committed 10560K, reserved 1048576K
}
Event: 9.884 GC heap before
{Heap before GC invocations=23 (full 0):
 garbage-first heap   total 86016K, used 69908K [0x0000000080000000, 0x0000000100000000)
  region size 1024K, 28 young (28672K), 3 survivors (3072K)
 Metaspace       used 76702K, committed 77248K, reserved 1179648K
  class space    used 10745K, committed 11008K, reserved 1048576K
}
Event: 9.886 GC heap after
{Heap after GC invocations=24 (full 0):
 garbage-first heap   total 86016K, used 44949K [0x0000000080000000, 0x0000000100000000)
  region size 1024K, 3 young (3072K), 3 survivors (3072K)
 Metaspace       used 76702K, committed 77248K, reserved 1179648K
  class space    used 10745K, committed 11008K, reserved 1048576K
}
Event: 10.153 GC heap before
{Heap before GC invocations=24 (full 0):
 garbage-first heap   total 86016K, used 69525K [0x0000000080000000, 0x0000000100000000)
  region size 1024K, 28 young (28672K), 3 survivors (3072K)
 Metaspace       used 80568K, committed 81088K, reserved 1179648K
  class space    used 11264K, committed 11520K, reserved 1048576K
}
Event: 10.155 GC heap after
{Heap after GC invocations=25 (full 0):
 garbage-first heap   total 86016K, used 45486K [0x0000000080000000, 0x0000000100000000)
  region size 1024K, 3 young (3072K), 3 survivors (3072K)
 Metaspace       used 80568K, committed 81088K, reserved 1179648K
  class space    used 11264K, committed 11520K, reserved 1048576K
}
Event: 10.277 GC heap before
{Heap before GC invocations=26 (full 0):
 garbage-first heap   total 92160K, used 77230K [0x0000000080000000, 0x0000000100000000)
  region size 1024K, 28 young (28672K), 3 survivors (3072K)
 Metaspace       used 81003K, committed 81664K, reserved 1179648K
  class space    used 11294K, committed 11584K, reserved 1048576K
}
Event: 10.283 GC heap after
{Heap after GC invocations=27 (full 0):
 garbage-first heap   total 155648K, used 60531K [0x0000000080000000, 0x0000000100000000)
  region size 1024K, 4 young (4096K), 4 survivors (4096K)
 Metaspace       used 81003K, committed 81664K, reserved 1179648K
  class space    used 11294K, committed 11584K, reserved 1048576K
}
Event: 10.309 GC heap before
{Heap before GC invocations=27 (full 0):
 garbage-first heap   total 155648K, used 63603K [0x0000000080000000, 0x0000000100000000)
  region size 1024K, 7 young (7168K), 4 survivors (4096K)
 Metaspace       used 81009K, committed 81664K, reserved 1179648K
  class space    used 11296K, committed 11584K, reserved 1048576K
}
Event: 10.314 GC heap after
{Heap after GC invocations=28 (full 0):
 garbage-first heap   total 155648K, used 62165K [0x0000000080000000, 0x0000000100000000)
  region size 1024K, 1 young (1024K), 1 survivors (1024K)
 Metaspace       used 81009K, committed 81664K, reserved 1179648K
  class space    used 11296K, committed 11584K, reserved 1048576K
}

