# JRE version: OpenJDK Runtime Environment (17.0.9) (build 17.0.9+0--11185874)
# Java VM: OpenJDK 64-Bit Server VM (17.0.9+0--11185874, mixed mode, tiered, compressed oops, compressed class ptrs, g1 gc, windows-amd64)
GC Precious Log:
 CPUs: 16 total, 16 available
 Memory: 15791M
 Large Page Support: Disabled
 NUMA Support: Disabled
 Compressed Oops: Enabled (32-bit)
 Heap Region Size: 1M
 Heap Min Capacity: 8M
 Heap Initial Capacity: 248M
 Heap Max Capacity: 2G
 Pre-touch: Disabled
 Parallel Workers: 13
 Concurrent Workers: 3
 Concurrent Refinement Workers: 13
 Periodic GC: Disabled
Heap:
 garbage-first heap   total 158720K, used 88260K [0x0000000080000000, 0x0000000100000000)
  region size 1024K, 11 young (11264K), 6 survivors (6144K)
 Metaspace       used 82209K, committed 82816K, reserved 1179648K
  class space    used 10979K, committed 11264K, reserved 1048576K
GC Heap History (20 events):
Event: 4.672 GC heap before
{Heap before GC invocations=12 (full 0):
 garbage-first heap   total 123904K, used 91930K [0x0000000080000000, 0x0000000100000000)
  region size 1024K, 68 young (69632K), 8 survivors (8192K)
 Metaspace       used 55135K, committed 55616K, reserved 1114112K
  class space    used 7564K, committed 7808K, reserved 1048576K
}
Event: 4.677 GC heap after
{Heap after GC invocations=13 (full 0):
 garbage-first heap   total 123904K, used 34894K [0x0000000080000000, 0x0000000100000000)
  region size 1024K, 8 young (8192K), 8 survivors (8192K)
 Metaspace       used 55135K, committed 55616K, reserved 1114112K
  class space    used 7564K, committed 7808K, reserved 1048576K
}
Event: 5.538 GC heap before
{Heap before GC invocations=13 (full 0):
 garbage-first heap   total 123904K, used 106574K [0x0000000080000000, 0x0000000100000000)
  region size 1024K, 66 young (67584K), 8 survivors (8192K)
 Metaspace       used 57774K, committed 58368K, reserved 1114112K
  class space    used 7869K, committed 8128K, reserved 1048576K
}
Event: 5.543 GC heap after
{Heap after GC invocations=14 (full 0):
 garbage-first heap   total 126976K, used 58308K [0x0000000080000000, 0x0000000100000000)
  region size 1024K, 9 young (9216K), 9 survivors (9216K)
 Metaspace       used 57774K, committed 58368K, reserved 1114112K
  class space    used 7869K, committed 8128K, reserved 1048576K
}
Event: 5.785 GC heap before
{Heap before GC invocations=14 (full 0):
 garbage-first heap   total 126976K, used 81860K [0x0000000080000000, 0x0000000100000000)
  region size 1024K, 32 young (32768K), 9 survivors (9216K)
 Metaspace       used 59552K, committed 60096K, reserved 1114112K
  class space    used 8111K, committed 8384K, reserved 1048576K
}
Event: 5.788 GC heap after
{Heap after GC invocations=15 (full 0):
 garbage-first heap   total 126976K, used 61513K [0x0000000080000000, 0x0000000100000000)
  region size 1024K, 2 young (2048K), 2 survivors (2048K)
 Metaspace       used 59552K, committed 60096K, reserved 1114112K
  class space    used 8111K, committed 8384K, reserved 1048576K
}
Event: 6.166 GC heap before
{Heap before GC invocations=16 (full 0):
 garbage-first heap   total 126976K, used 99401K [0x0000000080000000, 0x0000000100000000)
  region size 1024K, 39 young (39936K), 2 survivors (2048K)
 Metaspace       used 63310K, committed 63872K, reserved 1114112K
  class space    used 8537K, committed 8768K, reserved 1048576K
}
Event: 6.168 GC heap after
{Heap after GC invocations=17 (full 0):
 garbage-first heap   total 126976K, used 61747K [0x0000000080000000, 0x0000000100000000)
  region size 1024K, 2 young (2048K), 2 survivors (2048K)
 Metaspace       used 63310K, committed 63872K, reserved 1114112K
  class space    used 8537K, committed 8768K, reserved 1048576K
}
Event: 6.650 GC heap before
{Heap before GC invocations=17 (full 0):
 garbage-first heap   total 126976K, used 101683K [0x0000000080000000, 0x0000000100000000)
  region size 1024K, 41 young (41984K), 2 survivors (2048K)
 Metaspace       used 68184K, committed 68736K, reserved 1114112K
  class space    used 9156K, committed 9408K, reserved 1048576K
}
Event: 6.652 GC heap after
{Heap after GC invocations=18 (full 0):
 garbage-first heap   total 126976K, used 64035K [0x0000000080000000, 0x0000000100000000)
  region size 1024K, 4 young (4096K), 4 survivors (4096K)
 Metaspace       used 68184K, committed 68736K, reserved 1114112K
  class space    used 9156K, committed 9408K, reserved 1048576K
}
Event: 6.694 GC heap before
{Heap before GC invocations=19 (full 0):
 garbage-first heap   total 126976K, used 66083K [0x0000000080000000, 0x0000000100000000)
  region size 1024K, 7 young (7168K), 4 survivors (4096K)
 Metaspace       used 68561K, committed 69184K, reserved 1114112K
  class space    used 9199K, committed 9472K, reserved 1048576K
}
Event: 6.697 GC heap after
{Heap after GC invocations=20 (full 0):
 garbage-first heap   total 126976K, used 64316K [0x0000000080000000, 0x0000000100000000)
  region size 1024K, 3 young (3072K), 3 survivors (3072K)
 Metaspace       used 68561K, committed 69184K, reserved 1114112K
  class space    used 9199K, committed 9472K, reserved 1048576K
}
Event: 6.956 GC heap before
{Heap before GC invocations=21 (full 0):
 garbage-first heap   total 132096K, used 106300K [0x0000000080000000, 0x0000000100000000)
  region size 1024K, 38 young (38912K), 3 survivors (3072K)
 Metaspace       used 70207K, committed 70784K, reserved 1114112K
  class space    used 9432K, committed 9728K, reserved 1048576K
}
Event: 6.958 GC heap after
{Heap after GC invocations=22 (full 0):
 garbage-first heap   total 132096K, used 67881K [0x0000000080000000, 0x0000000100000000)
  region size 1024K, 5 young (5120K), 5 survivors (5120K)
 Metaspace       used 70207K, committed 70784K, reserved 1114112K
  class space    used 9432K, committed 9728K, reserved 1048576K
}
Event: 7.339 GC heap before
{Heap before GC invocations=22 (full 0):
 garbage-first heap   total 132096K, used 104745K [0x0000000080000000, 0x0000000100000000)
  region size 1024K, 41 young (41984K), 5 survivors (5120K)
 Metaspace       used 72739K, committed 73344K, reserved 1114112K
  class space    used 9769K, committed 10048K, reserved 1048576K
}
Event: 7.344 GC heap after
{Heap after GC invocations=23 (full 0):
 garbage-first heap   total 158720K, used 69836K [0x0000000080000000, 0x0000000100000000)
  region size 1024K, 3 young (3072K), 3 survivors (3072K)
 Metaspace       used 72739K, committed 73344K, reserved 1114112K
  class space    used 9769K, committed 10048K, reserved 1048576K
}
Event: 8.063 GC heap before
{Heap before GC invocations=24 (full 0):
 garbage-first heap   total 158720K, used 125132K [0x0000000080000000, 0x0000000100000000)
  region size 1024K, 53 young (54272K), 3 survivors (3072K)
 Metaspace       used 78734K, committed 79360K, reserved 1179648K
  class space    used 10574K, committed 10880K, reserved 1048576K
}
Event: 8.067 GC heap after
{Heap after GC invocations=25 (full 0):
 garbage-first heap   total 158720K, used 76562K [0x0000000080000000, 0x0000000100000000)
  region size 1024K, 5 young (5120K), 5 survivors (5120K)
 Metaspace       used 78734K, committed 79360K, reserved 1179648K
  class space    used 10574K, committed 10880K, reserved 1048576K
}
Event: 8.489 GC heap before
{Heap before GC invocations=25 (full 0):
 garbage-first heap   total 158720K, used 111378K [0x0000000080000000, 0x0000000100000000)
  region size 1024K, 40 young (40960K), 5 survivors (5120K)
 Metaspace       used 81001K, committed 81600K, reserved 1179648K
  class space    used 10901K, committed 11200K, reserved 1048576K
}
Event: 8.494 GC heap after
{Heap after GC invocations=26 (full 0):
 garbage-first heap   total 158720K, used 79044K [0x0000000080000000, 0x0000000100000000)
  region size 1024K, 6 young (6144K), 6 survivors (6144K)
 Metaspace       used 81001K, committed 81600K, reserved 1179648K
  class space    used 10901K, committed 11200K, reserved 1048576K
}

